<?xml version="1.0" encoding="utf-8"?><testsuites><testsuite errors="1" failures="0" hostname="DESKTOP-3UULUH3" name="pytest" skipped="0" tests="1" time="0.664" timestamp="2021-06-01T22:17:14.621888"><testcase classname="" name="" time="0.000"><error message="collection failure">C:\shxiao\Python\Python37\lib\importlib\__init__.py:127: in import_module
    return _bootstrap._gcd_import(name[level:], package, level)
&lt;frozen importlib._bootstrap&gt;:1006: in _gcd_import
    ???
&lt;frozen importlib._bootstrap&gt;:983: in _find_and_load
    ???
&lt;frozen importlib._bootstrap&gt;:967: in _find_and_load_unlocked
    ???
&lt;frozen importlib._bootstrap&gt;:677: in _load_unlocked
    ???
C:\shxiao\Python\Python37\lib\site-packages\_pytest\assertion\rewrite.py:170: in exec_module
    exec(co, module.__dict__)
tests\pytest_bdd\conftest.py:6: in &lt;module&gt;
    from pytest_bdd import given, parsers, then, when
E   ModuleNotFoundError: No module named 'pytest_bdd'</error></testcase></testsuite></testsuites>